e:\project\podhvosten\podhvosten\debug\vc140.pdb
e:\project\podhvosten\podhvosten\debug\vc140.idb
e:\project\podhvosten\podhvosten\debug\character.obj
e:\project\podhvosten\podhvosten\debug\entrypoint.obj
e:\project\podhvosten\podhvosten\debug\history.obj
e:\project\podhvosten\podhvosten\debug\logo.obj
e:\project\podhvosten\podhvosten\debug\mainmenu.obj
e:\project\podhvosten\podhvosten\debug\preview.obj
e:\project\podhvosten\podhvosten\debug\textprovider.obj
e:\project\podhvosten\podhvosten\debug\windowhandler.obj
e:\project\podhvosten\debug\podhvosten.ilk
e:\project\podhvosten\debug\podhvosten.exe
e:\project\podhvosten\debug\podhvosten.pdb
e:\project\podhvosten\podhvosten\debug\podhvosten.res
e:\project\podhvosten\podhvosten\debug\podhvosten.tlog\cl.command.1.tlog
e:\project\podhvosten\podhvosten\debug\podhvosten.tlog\cl.read.1.tlog
e:\project\podhvosten\podhvosten\debug\podhvosten.tlog\cl.write.1.tlog
e:\project\podhvosten\podhvosten\debug\podhvosten.tlog\link.command.1.tlog
e:\project\podhvosten\podhvosten\debug\podhvosten.tlog\link.read.1.tlog
e:\project\podhvosten\podhvosten\debug\podhvosten.tlog\link.write.1.tlog
e:\project\podhvosten\podhvosten\debug\podhvosten.tlog\rc.command.1.tlog
e:\project\podhvosten\podhvosten\debug\podhvosten.tlog\rc.read.1.tlog
e:\project\podhvosten\podhvosten\debug\podhvosten.tlog\rc.write.1.tlog
